2024-10-24 11:47:41,145 - DEBUG - Using proactor: IocpProactor
2024-10-24 11:47:41,191 - INFO - Assets path configured: C:\Users\Informatica\Pictures\AppBancaria-main\AppBancaria-main\assets
2024-10-24 11:47:41,191 - DEBUG - Creating new PubSubHub instance
2024-10-24 11:47:41,191 - DEBUG - Creating new PubSubHub instance
2024-10-24 11:47:41,191 - INFO - Starting up TCP server on localhost:50838
2024-10-24 11:47:41,195 - INFO - Flet app has started...
2024-10-24 11:47:41,195 - INFO - App URL: tcp://localhost:50838
2024-10-24 11:47:41,195 - INFO - Starting Flet View app...
2024-10-24 11:47:41,196 - INFO - Flet View found in: C:\Users\Informatica\AppData\Local\Packages\PythonSoftwareFoundation.Python.3.13_qbz5n2kfra8p0\LocalCache\local-packages\Python313\site-packages\flet\bin\flet\flet.exe
2024-10-24 11:47:41,378 - DEBUG - Connected new TCP client
2024-10-24 11:47:41,378 - DEBUG - _on_message: {"action":"registerWebClient","payload":{"pageName":"","pageRoute":"/","pageWidth":"1264.0","pageHeight":"681.0","windowWidth":"1280.0","windowHeight":"720.0","windowTop":"10.0","windowLeft":"10.0","isPWA":"false","isWeb":"false","isDebug":"false","platform":"windows","platformBrightness":"light","media":"{\"padding\":{\"top\":0.0,\"right\":0.0,\"bottom\":0.0,\"left\":0.0},\"view_padding\":{\"top\":0.0,\"right\":0.0,\"bottom\":0.0,\"left\":0.0},\"view_insets\":{\"top\":0.0,\"right\":0.0,\"bottom\":0.0,\"left\":0.0}}","sessionId":""}}
2024-10-24 11:47:41,378 - DEBUG - __send: {"action":"registerWebClient","payload":{"session":{"id":"","controls":{"page":{"i":"page","t":"page","p":"","c":[],"route":"/","width":"1264.0","height":"681.0","windowwidth":"1280.0","windowheight":"720.0","windowtop":"10.0","windowleft":"10.0","pwa":"false","web":"false","debug":"false","platform":"windows","platformBrightness":"light","media":"{\"padding\":{\"top\":0.0,\"right\":0.0,\"bottom\":0.0,\"left\":0.0},\"view_padding\":{\"top\":0.0,\"right\":0.0,\"bottom\":0.0,\"left\":0.0},\"view_insets\":{\"top\":0.0,\"right\":0.0,\"bottom\":0.0,\"left\":0.0}}"}}},"error":"","appInactive":false}}
2024-10-24 11:47:41,379 - DEBUG - _process_command: get ['page', 'route'] {}
2024-10-24 11:47:41,379 - DEBUG - _process_command: get ['page', 'pwa'] {}
2024-10-24 11:47:41,379 - DEBUG - _process_command: get ['page', 'web'] {}
2024-10-24 11:47:41,379 - DEBUG - _process_command: get ['page', 'debug'] {}
2024-10-24 11:47:41,379 - DEBUG - _process_command: get ['page', 'platform'] {}
2024-10-24 11:47:41,379 - DEBUG - _process_command: get ['page', 'platformBrightness'] {}
2024-10-24 11:47:41,379 - DEBUG - _process_command: get ['page', 'media'] {}
2024-10-24 11:47:41,379 - DEBUG - _process_command: get ['page', 'width'] {}
2024-10-24 11:47:41,379 - DEBUG - _process_command: get ['page', 'height'] {}
2024-10-24 11:47:41,379 - DEBUG - _process_command: get ['page', 'windowWidth'] {}
2024-10-24 11:47:41,379 - DEBUG - _process_command: get ['page', 'windowHeight'] {}
2024-10-24 11:47:41,379 - DEBUG - _process_command: get ['page', 'windowTop'] {}
2024-10-24 11:47:41,379 - DEBUG - _process_command: get ['page', 'windowLeft'] {}
2024-10-24 11:47:41,379 - DEBUG - _process_command: get ['page', 'clientIP'] {}
2024-10-24 11:47:41,379 - DEBUG - _process_command: get ['page', 'clientUserAgent'] {}
2024-10-24 11:47:41,379 - INFO - App session started
2024-10-24 11:47:41,379 - DEBUG - _process_command: clean ['page'] {}
2024-10-24 11:47:41,379 - DEBUG - __send: {"action":"cleanControl","payload":{"ids":["page"]}}
2024-10-24 11:47:41,380 - DEBUG - _process_command: set ['page'] {'thememode': 'system', 'title': 'Login'}
2024-10-24 11:47:41,380 - DEBUG - sent to TCP: 605
2024-10-24 11:47:41,380 - DEBUG - _process_command: add [] {'to': 'page', 'at': '0'}
2024-10-24 11:47:41,380 - DEBUG - _process_command: add [] {'to': 'page', 'at': '1'}
2024-10-24 11:47:41,380 - DEBUG - __send: {"action":"pageControlsBatch","payload":[{"action":"updateControlProps","payload":{"props":[{"i":"page","thememode":"system","title":"Login"}]}},{"action":"addPageControls","payload":{"controls":[{"t":"view","i":"_1","p":"page","c":["_2","_5","_8","_10","_11","_12"],"at":"0"},{"t":"row","i":"_2","p":"_1","c":["_3","_4"],"alignment":"center"},{"t":"text","i":"_3","p":"_2","c":[],"value":"Salve..."},{"t":"text","i":"_4","p":"_2","c":[],"value":"Esegui l'Accesso"},{"t":"row","i":"_5","p":"_1","c":["_6","_7"],"alignment":"center"},{"t":"textfield","i":"_6","p":"_5","c":[],"label":"Username"},{"t":"textfield","i":"_7","p":"_5","c":[],"label":"Password","password":"true"},{"t":"row","i":"_8","p":"_1","c":["_9"],"alignment":"center"},{"t":"elevatedbutton","i":"_9","p":"_8","c":[],"text":"Invio"},{"t":"text","i":"_10","p":"_1","c":[],"value":"Non hai un account... Creane uno!!!"},{"t":"elevatedbutton","i":"_11","p":"_1","c":[],"text":"Registrati"},{"t":"text","i":"_12","p":"_1","c":[],"color":"red","value":"*Credenziali non valide","visible":"false"}],"trimIDs":[]}},{"action":"addPageControls","payload":{"controls":[{"t":"offstage","i":"_13","p":"page","c":[],"at":"1"}],"trimIDs":[]}}]}
2024-10-24 11:47:41,381 - DEBUG - sent to TCP: 56
2024-10-24 11:47:41,381 - DEBUG - sent to TCP: 1201
2024-10-24 11:47:42,772 - DEBUG - _on_message: {"action":"pageEventFromWeb","payload":{"eventTarget":"_6","eventName":"focus","eventData":""}}
2024-10-24 11:47:42,772 - DEBUG - page.on_event_async: _6 focus 
2024-10-24 11:47:43,998 - DEBUG - _on_message: {"action":"updateControlProps","payload":{"props":[{"i":"_6","value":"s"}]}}
2024-10-24 11:47:43,998 - DEBUG - page.on_event_async: page change [{"i":"_6","value":"s"}]
2024-10-24 11:47:44,156 - DEBUG - _on_message: {"action":"updateControlProps","payload":{"props":[{"i":"_6","value":"so"}]}}
2024-10-24 11:47:44,157 - DEBUG - page.on_event_async: page change [{"i":"_6","value":"so"}]
2024-10-24 11:47:44,373 - DEBUG - _on_message: {"action":"updateControlProps","payload":{"props":[{"i":"_6","value":"son"}]}}
2024-10-24 11:47:44,374 - DEBUG - page.on_event_async: page change [{"i":"_6","value":"son"}]
2024-10-24 11:47:44,693 - DEBUG - _on_message: {"action":"updateControlProps","payload":{"props":[{"i":"_6","value":"sonc"}]}}
2024-10-24 11:47:44,694 - DEBUG - page.on_event_async: page change [{"i":"_6","value":"sonc"}]
2024-10-24 11:47:44,828 - DEBUG - _on_message: {"action":"updateControlProps","payload":{"props":[{"i":"_6","value":"sonco"}]}}
2024-10-24 11:47:44,829 - DEBUG - page.on_event_async: page change [{"i":"_6","value":"sonco"}]
2024-10-24 11:47:45,114 - DEBUG - _on_message: {"action":"updateControlProps","payload":{"props":[{"i":"_6","value":"soncog"}]}}
2024-10-24 11:47:45,114 - DEBUG - page.on_event_async: page change [{"i":"_6","value":"soncog"}]
2024-10-24 11:47:45,236 - DEBUG - _on_message: {"action":"updateControlProps","payload":{"props":[{"i":"_6","value":"soncogl"}]}}
2024-10-24 11:47:45,237 - DEBUG - page.on_event_async: page change [{"i":"_6","value":"soncogl"}]
2024-10-24 11:47:45,429 - DEBUG - _on_message: {"action":"updateControlProps","payload":{"props":[{"i":"_6","value":"soncogli"}]}}
2024-10-24 11:47:45,429 - DEBUG - page.on_event_async: page change [{"i":"_6","value":"soncogli"}]
2024-10-24 11:47:45,597 - DEBUG - _on_message: {"action":"updateControlProps","payload":{"props":[{"i":"_6","value":"soncoglio"}]}}
2024-10-24 11:47:45,597 - DEBUG - page.on_event_async: page change [{"i":"_6","value":"soncoglio"}]
2024-10-24 11:47:45,821 - DEBUG - _on_message: {"action":"updateControlProps","payload":{"props":[{"i":"_6","value":"soncoglion"}]}}
2024-10-24 11:47:45,822 - DEBUG - page.on_event_async: page change [{"i":"_6","value":"soncoglion"}]
2024-10-24 11:47:45,949 - DEBUG - _on_message: {"action":"updateControlProps","payload":{"props":[{"i":"_6","value":"soncoglione"}]}}
2024-10-24 11:47:45,949 - DEBUG - page.on_event_async: page change [{"i":"_6","value":"soncoglione"}]
2024-10-24 11:47:46,923 - DEBUG - _on_message: {"action":"updateControlProps","payload":{"props":[{"i":"_6","value":"soncoglione8"}]}}
2024-10-24 11:47:46,923 - DEBUG - page.on_event_async: page change [{"i":"_6","value":"soncoglione8"}]
2024-10-24 11:47:47,133 - DEBUG - _on_message: {"action":"updateControlProps","payload":{"props":[{"i":"_6","value":"soncoglione89"}]}}
2024-10-24 11:47:47,133 - DEBUG - page.on_event_async: page change [{"i":"_6","value":"soncoglione89"}]
2024-10-24 11:47:48,614 - DEBUG - _on_message: {"action":"pageEventFromWeb","payload":{"eventTarget":"_6","eventName":"blur","eventData":""}}
2024-10-24 11:47:48,614 - DEBUG - page.on_event_async: _6 blur 
2024-10-24 11:47:48,614 - DEBUG - _on_message: {"action":"pageEventFromWeb","payload":{"eventTarget":"_7","eventName":"focus","eventData":""}}
2024-10-24 11:47:48,614 - DEBUG - page.on_event_async: _7 focus 
2024-10-24 11:47:49,751 - DEBUG - _on_message: {"action":"updateControlProps","payload":{"props":[{"i":"_7","value":"12345vaffanculoate"}]}}
2024-10-24 11:47:49,751 - DEBUG - page.on_event_async: page change [{"i":"_7","value":"12345vaffanculoate"}]
2024-10-24 11:47:57,867 - DEBUG - _on_message: {"action":"pageEventFromWeb","payload":{"eventTarget":"_7","eventName":"blur","eventData":""}}
2024-10-24 11:47:57,868 - DEBUG - page.on_event_async: _7 blur 
2024-10-24 11:47:57,986 - DEBUG - _on_message: {"action":"pageEventFromWeb","payload":{"eventTarget":"_9","eventName":"click","eventData":""}}
2024-10-24 11:47:57,986 - DEBUG - page.on_event_async: _9 click 
2024-10-24 11:47:57,986 - INFO - Accesso effettuato come: soncoglione89
2024-10-24 11:47:57,989 - DEBUG - _process_command: clean ['page'] {}
2024-10-24 11:47:57,989 - DEBUG - __send: {"action":"cleanControl","payload":{"ids":["page"]}}
2024-10-24 11:47:57,990 - DEBUG - _process_command: add [] {'to': 'page', 'at': '0'}
2024-10-24 11:47:57,990 - DEBUG - _process_command: add [] {'to': 'page', 'at': '1'}
2024-10-24 11:47:57,990 - DEBUG - __send: {"action":"pageControlsBatch","payload":[{"action":"addPageControls","payload":{"controls":[{"t":"view","i":"_1","p":"page","c":["_14"],"at":"0"},{"t":"column","i":"_14","p":"_1","c":["_15"]},{"t":"row","i":"_15","p":"_14","c":["_16"],"alignment":"[<MainAxisAlignment.CENTER: 'center'>]"},{"t":"text","i":"_16","p":"_15","c":[],"value":" Salve, andrea"}],"trimIDs":[]}},{"action":"addPageControls","payload":{"controls":[{"t":"offstage","i":"_13","p":"page","c":[],"at":"1"}],"trimIDs":[]}}]}
2024-10-24 11:47:57,990 - DEBUG - _process_command: set ['page'] {'title': 'Home'}
2024-10-24 11:47:57,991 - DEBUG - sent to TCP: 56
2024-10-24 11:47:57,991 - DEBUG - __send: {"action":"pageControlsBatch","payload":[{"action":"updateControlProps","payload":{"props":[{"i":"page","title":"Home"}]}}]}
2024-10-24 11:47:57,991 - DEBUG - sent to TCP: 496
2024-10-24 11:47:57,991 - DEBUG - sent to TCP: 128
2024-10-24 11:48:00,949 - DEBUG - _on_message: {"action":"updateControlProps","payload":{"props":[{"i":"page","windowwidth":"1280.0","windowheight":"720.0","windowtop":"92.0","windowleft":"179.0","windowminimized":"false","windowmaximized":"false","windowfocused":"true","windowfullscreen":"false"}]}}
2024-10-24 11:48:00,949 - DEBUG - page.on_event_async: page change [{"i":"page","windowwidth":"1280.0","windowheight":"720.0","windowtop":"92.0","windowleft":"179.0","windowminimized":"false","windowmaximized":"false","windowfocused":"true","windowfullscreen":"false"}]
2024-10-24 11:48:00,950 - DEBUG - _on_message: {"action":"pageEventFromWeb","payload":{"eventTarget":"page","eventName":"window_event","eventData":"moved"}}
2024-10-24 11:48:00,950 - DEBUG - page.on_event_async: page window_event moved
2024-10-24 11:48:07,634 - DEBUG - _on_message: {"action":"pageEventFromWeb","payload":{"eventTarget":"page","eventName":"app_lifecycle_state_change","eventData":"inactive"}}
2024-10-24 11:48:07,635 - DEBUG - page.on_event_async: page app_lifecycle_state_change inactive
2024-10-24 11:48:07,635 - DEBUG - _on_message: {"action":"pageEventFromWeb","payload":{"eventTarget":"page","eventName":"app_lifecycle_state_change","eventData":"hide"}}
2024-10-24 11:48:07,636 - DEBUG - page.on_event_async: page app_lifecycle_state_change hide
2024-10-24 11:48:07,743 - DEBUG - Flet View process 9696
2024-10-24 11:48:07,743 - DEBUG - Closing connection...
2024-10-24 11:48:07,744 - DEBUG - Disconnecting all pages...
2024-10-24 11:48:07,744 - DEBUG - page.on_event_async: page disconnect 
2024-10-24 11:48:07,744 - DEBUG - Shutting down thread pool...
